{
  "RSpec": {
    "coverage": {
      "/Users/rohitlalchanadani/CS169_Great_Course_Guide/app/helpers/application_helper.rb": [
        1,
        null
      ],
      "/Users/rohitlalchanadani/CS169_Great_Course_Guide/app/helpers/login_helper.rb": [
        1,
        null
      ],
      "/Users/rohitlalchanadani/CS169_Great_Course_Guide/app/controllers/application_controller.rb": [
        1,
        null,
        null,
        null,
        1,
        null,
        null,
        1,
        1,
        1,
        null,
        1,
        11,
        11,
        2,
        null,
        null,
        null,
        1,
        16,
        16,
        16,
        16,
        16,
        null,
        null,
        1,
        0,
        0,
        null,
        null,
        null,
        1,
        2,
        1,
        null,
        null,
        1,
        2,
        2,
        null,
        null,
        1,
        null,
        null,
        1,
        null,
        null,
        1,
        0,
        null,
        null,
        1,
        0,
        null,
        null,
        1,
        null,
        3,
        null,
        null,
        3,
        0,
        null,
        3,
        2,
        2,
        2,
        2,
        null,
        null,
        null,
        null,
        3,
        null,
        null,
        1,
        null,
        null,
        1,
        1,
        1,
        1,
        null,
        null,
        null,
        1,
        1,
        null,
        1,
        1,
        1,
        1,
        null,
        null,
        null,
        1,
        null,
        null,
        null
      ],
      "/Users/rohitlalchanadani/CS169_Great_Course_Guide/app/models/user.rb": [
        1,
        null,
        1,
        1,
        1,
        1,
        1,
        null,
        1,
        16,
        16,
        12,
        null,
        16,
        null,
        null,
        1,
        6,
        6,
        null,
        13,
        null,
        6,
        6,
        null,
        null,
        1,
        6,
        5,
        3,
        null,
        null,
        3,
        null,
        null
      ],
      "/Users/rohitlalchanadani/CS169_Great_Course_Guide/app/models/professor.rb": [
        1,
        1,
        null,
        1,
        1,
        null,
        null,
        1,
        10,
        10,
        10,
        10,
        10,
        10,
        null,
        10,
        null,
        null,
        1,
        20,
        20,
        10,
        null,
        30,
        20,
        null,
        null
      ],
      "/Users/rohitlalchanadani/CS169_Great_Course_Guide/app/models/course.rb": [
        1,
        null,
        1,
        null,
        1,
        17,
        17,
        11,
        null,
        17,
        17,
        null,
        null,
        1,
        6,
        6,
        6,
        3,
        null,
        null,
        6,
        6,
        null,
        null
      ],
      "/Users/rohitlalchanadani/CS169_Great_Course_Guide/app/controllers/login_controller.rb": [
        1,
        null,
        1,
        1,
        null,
        1,
        2,
        2,
        1,
        null,
        null,
        null
      ],
      "/Users/rohitlalchanadani/CS169_Great_Course_Guide/app/models/utils.rb": [
        1,
        1,
        30,
        69,
        null,
        null,
        null,
        1,
        5,
        5,
        5,
        5,
        null,
        null
      ],
      "/Users/rohitlalchanadani/CS169_Great_Course_Guide/app/models/prereq.rb": [
        1,
        1,
        null
      ],
      "/Users/rohitlalchanadani/CS169_Great_Course_Guide/app/models/user_course.rb": [
        1,
        1,
        null
      ],
      "/Users/rohitlalchanadani/CS169_Great_Course_Guide/app/models/professor_course.rb": [
        1,
        1,
        null
      ]
    },
    "timestamp": 1457715895
  },
  "Cucumber Features": {
    "coverage": {
      "/Users/rohitlalchanadani/CS169_Great_Course_Guide/app/controllers/application_controller.rb": [
        1,
        null,
        null,
        null,
        1,
        null,
        null,
        1,
        1,
        1,
        null,
        1,
        38,
        38,
        1,
        null,
        null,
        null,
        1,
        57,
        57,
        57,
        57,
        57,
        null,
        null,
        1,
        0,
        0,
        null,
        null,
        null,
        1,
        10,
        10,
        null,
        null,
        1,
        5,
        5,
        null,
        null,
        1,
        null,
        null,
        1,
        null,
        null,
        1,
        0,
        null,
        null,
        1,
        0,
        null,
        null,
        1,
        null,
        9,
        null,
        null,
        9,
        0,
        null,
        9,
        0,
        0,
        0,
        0,
        null,
        null,
        null,
        null,
        9,
        null,
        null,
        1,
        null,
        null,
        1,
        5,
        5,
        3,
        null,
        null,
        null,
        1,
        5,
        null,
        5,
        5,
        8,
        8,
        null,
        null,
        null,
        5,
        null,
        null,
        null
      ],
      "/Users/rohitlalchanadani/CS169_Great_Course_Guide/app/helpers/application_helper.rb": [
        1,
        null
      ],
      "/Users/rohitlalchanadani/CS169_Great_Course_Guide/app/helpers/login_helper.rb": [
        1,
        null
      ],
      "/Users/rohitlalchanadani/CS169_Great_Course_Guide/app/models/user.rb": [
        1,
        null,
        1,
        1,
        1,
        1,
        1,
        null,
        1,
        57,
        57,
        37,
        null,
        57,
        null,
        null,
        1,
        17,
        17,
        null,
        8,
        null,
        17,
        17,
        null,
        null,
        1,
        5,
        2,
        1,
        null,
        null,
        4,
        null,
        null
      ],
      "/Users/rohitlalchanadani/CS169_Great_Course_Guide/app/models/course.rb": [
        1,
        null,
        1,
        null,
        1,
        57,
        57,
        126,
        null,
        57,
        57,
        null,
        null,
        1,
        5,
        5,
        5,
        4,
        null,
        null,
        5,
        5,
        null,
        null
      ],
      "/Users/rohitlalchanadani/CS169_Great_Course_Guide/app/models/utils.rb": [
        1,
        1,
        79,
        276,
        null,
        null,
        null,
        1,
        8,
        8,
        8,
        8,
        null,
        null
      ],
      "/Users/rohitlalchanadani/CS169_Great_Course_Guide/app/models/professor.rb": [
        1,
        1,
        null,
        1,
        3,
        null,
        null,
        1,
        3,
        3,
        3,
        3,
        3,
        3,
        null,
        3,
        null,
        null,
        1,
        57,
        57,
        3,
        null,
        60,
        57,
        null,
        null
      ],
      "/Users/rohitlalchanadani/CS169_Great_Course_Guide/app/models/user_course.rb": [
        1,
        1,
        null
      ],
      "/Users/rohitlalchanadani/CS169_Great_Course_Guide/app/models/professor_course.rb": [
        1,
        1,
        null
      ],
      "/Users/rohitlalchanadani/CS169_Great_Course_Guide/app/models/prereq.rb": [
        1,
        1,
        null
      ],
      "/Users/rohitlalchanadani/CS169_Great_Course_Guide/app/controllers/login_controller.rb": [
        1,
        null,
        1,
        1,
        null,
        1,
        1,
        1,
        1,
        null,
        null,
        null
      ]
    },
    "timestamp": 1457716280
  }
}
